<?xml version="1.0" encoding="UTF-8"?>
<!-- Generated by org.testng.reporters.JUnitXMLReporter -->
<testsuite ignored="1" hostname="Ankurs-MacBook-Air.local" failures="0" tests="1" name="Test" time="21.722" errors="0" timestamp="2025-02-24T01:34:10 IST">
  <testcase classname="testCases.TC_001_AccountRegistrationTest" name="verify_acccount_registration" time="7.326"/>
  <testcase classname="testCases.TC_002_LoginTest" name="verify_login" time="0.0">
    <ignored/>
  </testcase> <!-- verify_login -->
</testsuite> <!-- Test -->
