<?xml version="1.0" encoding="UTF-8"?>
<!-- Generated by org.testng.reporters.JUnitXMLReporter -->
<testsuite ignored="0" hostname="Ankurs-MacBook-Air.local" failures="1" tests="2" name="Test" time="52.934" errors="0" timestamp="2025-03-04T02:16:31 IST">
  <testcase classname="testCases.TC_001_AccountRegistrationTest" name="verify_acccount_registration" time="8.176"/>
  <testcase classname="testCases.TC_002_LoginTest" name="verify_login" time="15.038">
    <failure type="java.lang.AssertionError" message="expected [true] but found [false]">
      <![CDATA[java.lang.AssertionError: expected [true] but found [false]
at testCases.TC_002_LoginTest.verify_login(TC_002_LoginTest.java:49)
at java.base/java.util.ArrayList.forEach(ArrayList.java:1596)
... Removed 29 stack frames]]>
    </failure>
  </testcase> <!-- verify_login -->
</testsuite> <!-- Test -->
