<?xml version="1.0" encoding="UTF-8"?>
<testng-results ignored="0" total="1" passed="1" failed="0" skipped="0">
  <reporter-output>
  </reporter-output>
  <suite started-at="2025-02-24T01:33:48 IST" name="Suite" finished-at="2025-02-24T01:34:10 IST" duration-ms="21722">
    <groups>
      <group name="Master">
        <method signature="TC_001_AccountRegistrationTest.verify_acccount_registration()[pri:0, instance:testCases.TC_001_AccountRegistrationTest@1755e85b]" name="verify_acccount_registration" class="testCases.TC_001_AccountRegistrationTest"/>
      </group> <!-- Master -->
      <group name="Regression">
        <method signature="TC_001_AccountRegistrationTest.verify_acccount_registration()[pri:0, instance:testCases.TC_001_AccountRegistrationTest@1755e85b]" name="verify_acccount_registration" class="testCases.TC_001_AccountRegistrationTest"/>
      </group> <!-- Regression -->
    </groups>
    <test started-at="2025-02-24T01:33:48 IST" name="Test" finished-at="2025-02-24T01:34:10 IST" duration-ms="21722">
      <class name="testCases.TC_001_AccountRegistrationTest">
        <test-method is-config="true" signature="setup(java.lang.String,java.lang.String)[pri:0, instance:testCases.TC_001_AccountRegistrationTest@1755e85b]" started-at="2025-02-24T01:33:48 IST" name="setup" finished-at="2025-02-24T01:34:02 IST" duration-ms="14128" status="PASS">
          <params>
            <param index="0">
              <value>
                <![CDATA[Windows]]>
              </value>
            </param>
            <param index="1">
              <value>
                <![CDATA[chrome]]>
              </value>
            </param>
          </params>
          <reporter-output>
          </reporter-output>
        </test-method> <!-- setup -->
        <test-method signature="verify_acccount_registration()[pri:0, instance:testCases.TC_001_AccountRegistrationTest@1755e85b]" started-at="2025-02-24T01:34:02 IST" name="verify_acccount_registration" finished-at="2025-02-24T01:34:10 IST" duration-ms="7326" status="PASS">
          <reporter-output>
          </reporter-output>
        </test-method> <!-- verify_acccount_registration -->
        <test-method is-config="true" signature="tearDown()[pri:0, instance:testCases.TC_001_AccountRegistrationTest@1755e85b]" started-at="2025-02-24T01:34:10 IST" name="tearDown" finished-at="2025-02-24T01:34:10 IST" duration-ms="198" status="PASS">
          <reporter-output>
          </reporter-output>
        </test-method> <!-- tearDown -->
      </class> <!-- testCases.TC_001_AccountRegistrationTest -->
    </test> <!-- Test -->
  </suite> <!-- Suite -->
</testng-results>
